<?xml version="1.0" encoding="UTF-8"?>
<testsuite xmlns:xsi="http://www.w3.org/2001/XMLSchema-instance" xsi:noNamespaceSchemaLocation="https://maven.apache.org/surefire/maven-surefire-plugin/xsd/surefire-test-report-3.0.xsd" version="3.0" name="TestSuite" time="10.489" tests="4" errors="0" skipped="0" failures="0">
  <properties>
[...]
</properties>
  <testcase name="test_0001_createBooking" classname="billie.rest.Automation.TestRestfulBooker" time="4.54"/>
  <testcase name="test_0002_updateBooking" classname="billie.rest.Automation.TestRestfulBooker" time="1.698"/>
  <testcase name="test_0003_getBooking" classname="billie.rest.Automation.TestRestfulBooker" time="0.789"/>
  <testcase name="test_0004_deleteBooking" classname="billie.rest.Automation.TestRestfulBooker" time="2.695"/>
</testsuite>