<?xml version="1.0" encoding="UTF-8"?>
<testng-results ignored="0" total="4" passed="4" failed="0" skipped="0">
  <reporter-output>
  </reporter-output>
  <suite started-at="2019-12-05T19:49:09 EET" name="billie.rest.TestRestfulBooker" finished-at="2019-12-05T19:49:19 EET" duration-ms="9785">
    <groups>
    </groups>
    <test started-at="2019-12-05T19:49:09 EET" name="TestRestfulBooker" finished-at="2019-12-05T19:49:19 EET" duration-ms="9785">
      <class name="billie.rest.Automation.TestRestfulBooker">
        <test-method signature="test_0001_createBooking()[pri:0, instance:billie.rest.Automation.TestRestfulBooker@71a794e5]" started-at="2019-12-05T19:49:09 EET" name="test_0001_createBooking" finished-at="2019-12-05T19:49:14 EET" duration-ms="4539" status="PASS">
          <reporter-output>
          </reporter-output>
        </test-method> <!-- test_0001_createBooking -->
        <test-method signature="test_0002_updateBooking()[pri:0, instance:billie.rest.Automation.TestRestfulBooker@71a794e5]" started-at="2019-12-05T19:49:14 EET" name="test_0002_updateBooking" finished-at="2019-12-05T19:49:15 EET" duration-ms="1698" status="PASS">
          <reporter-output>
          </reporter-output>
        </test-method> <!-- test_0002_updateBooking -->
        <test-method signature="test_0003_getBooking()[pri:0, instance:billie.rest.Automation.TestRestfulBooker@71a794e5]" started-at="2019-12-05T19:49:15 EET" name="test_0003_getBooking" finished-at="2019-12-05T19:49:16 EET" duration-ms="789" status="PASS">
          <reporter-output>
          </reporter-output>
        </test-method> <!-- test_0003_getBooking -->
        <test-method signature="test_0004_deleteBooking()[pri:0, instance:billie.rest.Automation.TestRestfulBooker@71a794e5]" started-at="2019-12-05T19:49:16 EET" name="test_0004_deleteBooking" finished-at="2019-12-05T19:49:19 EET" duration-ms="2695" status="PASS">
          <reporter-output>
          </reporter-output>
        </test-method> <!-- test_0004_deleteBooking -->
      </class> <!-- billie.rest.Automation.TestRestfulBooker -->
    </test> <!-- TestRestfulBooker -->
  </suite> <!-- billie.rest.TestRestfulBooker -->
</testng-results>
