<?xml version="1.0" encoding="UTF-8"?>
<!-- Generated by org.testng.reporters.JUnitXMLReporter -->
<testsuite ignored="0" hostname="Ahmet-Mac-mini.local" failures="0" tests="4" name="Command line test" time="17.904" errors="0" timestamp="2019-12-05T19:43:49 EET">
  <testcase classname="billie.rest.Automation.TestRestfulBooker" name="test_0001_createBooking" time="6.761"/>
  <testcase classname="billie.rest.Automation.TestRestfulBooker" name="test_0002_updateBooking" time="2.307"/>
  <testcase classname="billie.rest.Automation.TestRestfulBooker" name="test_0003_getBooking" time="6.266"/>
  <testcase classname="billie.rest.Automation.TestRestfulBooker" name="test_0004_deleteBooking" time="2.503"/>
</testsuite> <!-- Command line test -->
